<?xml version="1.0" encoding="UTF-8"?>
<testsuite xmlns:xsi="http://www.w3.org/2001/XMLSchema-instance" xsi:noNamespaceSchemaLocation="https://maven.apache.org/surefire/maven-surefire-plugin/xsd/surefire-test-report-3.0.xsd" version="3.0" name="demo.ReqresTest" time="4.501" tests="6" errors="0" skipped="0" failures="0">
  <properties>
    <property name="java.specification.version" value="17"/>
    <property name="sun.cpu.isalist" value="amd64"/>
    <property name="sun.jnu.encoding" value="Cp1252"/>
    <property name="java.class.path" value="D:\digitalskola\reqress\target\test-classes;D:\digitalskola\reqress\target\classes;C:\Users\NEXSOFT\.m2\repository\io\rest-assured\rest-assured\5.3.2\rest-assured-5.3.2.jar;C:\Users\NEXSOFT\.m2\repository\org\apache\groovy\groovy\4.0.11\groovy-4.0.11.jar;C:\Users\NEXSOFT\.m2\repository\org\apache\groovy\groovy-xml\4.0.11\groovy-xml-4.0.11.jar;C:\Users\NEXSOFT\.m2\repository\org\apache\httpcomponents\httpclient\4.5.13\httpclient-4.5.13.jar;C:\Users\NEXSOFT\.m2\repository\org\apache\httpcomponents\httpcore\4.4.13\httpcore-4.4.13.jar;C:\Users\NEXSOFT\.m2\repository\commons-logging\commons-logging\1.2\commons-logging-1.2.jar;C:\Users\NEXSOFT\.m2\repository\commons-codec\commons-codec\1.11\commons-codec-1.11.jar;C:\Users\NEXSOFT\.m2\repository\org\apache\httpcomponents\httpmime\4.5.13\httpmime-4.5.13.jar;C:\Users\NEXSOFT\.m2\repository\org\ccil\cowan\tagsoup\tagsoup\1.2.1\tagsoup-1.2.1.jar;C:\Users\NEXSOFT\.m2\repository\io\rest-assured\xml-path\5.3.2\xml-path-5.3.2.jar;C:\Users\NEXSOFT\.m2\repository\org\apache\commons\commons-lang3\3.11\commons-lang3-3.11.jar;C:\Users\NEXSOFT\.m2\repository\io\rest-assured\json-path\5.3.2\json-path-5.3.2.jar;C:\Users\NEXSOFT\.m2\repository\org\apache\groovy\groovy-json\4.0.11\groovy-json-4.0.11.jar;C:\Users\NEXSOFT\.m2\repository\io\rest-assured\rest-assured-common\5.3.2\rest-assured-common-5.3.2.jar;C:\Users\NEXSOFT\.m2\repository\org\hamcrest\hamcrest\2.2\hamcrest-2.2.jar;C:\Users\NEXSOFT\.m2\repository\org\testng\testng\7.10.2\testng-7.10.2.jar;C:\Users\NEXSOFT\.m2\repository\org\slf4j\slf4j-api\1.7.36\slf4j-api-1.7.36.jar;C:\Users\NEXSOFT\.m2\repository\com\beust\jcommander\1.82\jcommander-1.82.jar;C:\Users\NEXSOFT\.m2\repository\org\webjars\jquery\3.7.1\jquery-3.7.1.jar;"/>
    <property name="java.vm.vendor" value="Oracle Corporation"/>
    <property name="sun.arch.data.model" value="64"/>
    <property name="user.variant" value=""/>
    <property name="java.vendor.url" value="https://java.oracle.com/"/>
    <property name="user.timezone" value="Asia/Jakarta"/>
    <property name="os.name" value="Windows 10"/>
    <property name="java.vm.specification.version" value="17"/>
    <property name="sun.java.launcher" value="SUN_STANDARD"/>
    <property name="user.country" value="US"/>
    <property name="sun.boot.library.path" value="C:\Program Files\Java\jdk-17\bin"/>
    <property name="sun.java.command" value="C:\Users\NEXSOFT\AppData\Local\Temp\surefire6910350516154757933\surefirebooter-20250905132522612_3.jar C:\Users\NEXSOFT\AppData\Local\Temp\surefire6910350516154757933 2025-09-05T13-25-22_357-jvmRun1 surefire-20250905132522612_1tmp surefire_0-20250905132522612_2tmp"/>
    <property name="jdk.debug" value="release"/>
    <property name="surefire.test.class.path" value="D:\digitalskola\reqress\target\test-classes;D:\digitalskola\reqress\target\classes;C:\Users\NEXSOFT\.m2\repository\io\rest-assured\rest-assured\5.3.2\rest-assured-5.3.2.jar;C:\Users\NEXSOFT\.m2\repository\org\apache\groovy\groovy\4.0.11\groovy-4.0.11.jar;C:\Users\NEXSOFT\.m2\repository\org\apache\groovy\groovy-xml\4.0.11\groovy-xml-4.0.11.jar;C:\Users\NEXSOFT\.m2\repository\org\apache\httpcomponents\httpclient\4.5.13\httpclient-4.5.13.jar;C:\Users\NEXSOFT\.m2\repository\org\apache\httpcomponents\httpcore\4.4.13\httpcore-4.4.13.jar;C:\Users\NEXSOFT\.m2\repository\commons-logging\commons-logging\1.2\commons-logging-1.2.jar;C:\Users\NEXSOFT\.m2\repository\commons-codec\commons-codec\1.11\commons-codec-1.11.jar;C:\Users\NEXSOFT\.m2\repository\org\apache\httpcomponents\httpmime\4.5.13\httpmime-4.5.13.jar;C:\Users\NEXSOFT\.m2\repository\org\ccil\cowan\tagsoup\tagsoup\1.2.1\tagsoup-1.2.1.jar;C:\Users\NEXSOFT\.m2\repository\io\rest-assured\xml-path\5.3.2\xml-path-5.3.2.jar;C:\Users\NEXSOFT\.m2\repository\org\apache\commons\commons-lang3\3.11\commons-lang3-3.11.jar;C:\Users\NEXSOFT\.m2\repository\io\rest-assured\json-path\5.3.2\json-path-5.3.2.jar;C:\Users\NEXSOFT\.m2\repository\org\apache\groovy\groovy-json\4.0.11\groovy-json-4.0.11.jar;C:\Users\NEXSOFT\.m2\repository\io\rest-assured\rest-assured-common\5.3.2\rest-assured-common-5.3.2.jar;C:\Users\NEXSOFT\.m2\repository\org\hamcrest\hamcrest\2.2\hamcrest-2.2.jar;C:\Users\NEXSOFT\.m2\repository\org\testng\testng\7.10.2\testng-7.10.2.jar;C:\Users\NEXSOFT\.m2\repository\org\slf4j\slf4j-api\1.7.36\slf4j-api-1.7.36.jar;C:\Users\NEXSOFT\.m2\repository\com\beust\jcommander\1.82\jcommander-1.82.jar;C:\Users\NEXSOFT\.m2\repository\org\webjars\jquery\3.7.1\jquery-3.7.1.jar;"/>
    <property name="sun.cpu.endian" value="little"/>
    <property name="user.home" value="C:\Users\NEXSOFT"/>
    <property name="user.language" value="en"/>
    <property name="java.specification.vendor" value="Oracle Corporation"/>
    <property name="java.version.date" value="2024-07-16"/>
    <property name="java.home" value="C:\Program Files\Java\jdk-17"/>
    <property name="file.separator" value="\"/>
    <property name="basedir" value="D:\digitalskola\reqress"/>
    <property name="java.vm.compressedOopsMode" value="Zero based"/>
    <property name="line.separator" value="&#10;"/>
    <property name="java.vm.specification.vendor" value="Oracle Corporation"/>
    <property name="java.specification.name" value="Java Platform API Specification"/>
    <property name="surefire.real.class.path" value="C:\Users\NEXSOFT\AppData\Local\Temp\surefire6910350516154757933\surefirebooter-20250905132522612_3.jar"/>
    <property name="user.script" value=""/>
    <property name="sun.management.compiler" value="HotSpot 64-Bit Tiered Compilers"/>
    <property name="java.runtime.version" value="17.0.12+8-LTS-286"/>
    <property name="user.name" value="NEXSOFT"/>
    <property name="path.separator" value=";"/>
    <property name="os.version" value="10.0"/>
    <property name="java.runtime.name" value="Java(TM) SE Runtime Environment"/>
    <property name="file.encoding" value="Cp1252"/>
    <property name="java.vm.name" value="Java HotSpot(TM) 64-Bit Server VM"/>
    <property name="localRepository" value="C:\Users\NEXSOFT\.m2\repository"/>
    <property name="java.vendor.url.bug" value="https://bugreport.java.com/bugreport/"/>
    <property name="java.io.tmpdir" value="C:\Users\NEXSOFT\AppData\Local\Temp\"/>
    <property name="java.version" value="17.0.12"/>
    <property name="user.dir" value="D:\digitalskola\reqress"/>
    <property name="os.arch" value="amd64"/>
    <property name="java.vm.specification.name" value="Java Virtual Machine Specification"/>
    <property name="sun.os.patch.level" value=""/>
    <property name="native.encoding" value="Cp1252"/>
    <property name="java.library.path" value="C:\Program Files\Java\jdk-17\bin;C:\windows\Sun\Java\bin;C:\windows\system32;C:\windows;C:\Program Files\Common Files\Oracle\Java\javapath;C:\Users\NEXSOFT\AppData\Local\Programs\Python\Python312-32\Scripts;C:\Users\NEXSOFT\AppData\Local\Programs\Python\Python312-32\;C:\Program Files (x86)\Common Files\Oracle\Java\javapath;C:\windows\system32;C:\windows;C:\windows\System32\Wbem;C:\windows\System32\WindowsPowerShell\v1.0\;C:\windows\System32\OpenSSH\;C:\Program Files\Git\cmd;C:\xampp\php;C:\ProgramData\ComposerSetup\bin;C:\Program Files\nodejs\;C:\ProgramData\chocolatey\bin;C:\Program Files (x86)\Go\bin;c:\Users\NEXSOFT\AppData\Local\Programs\cursor\resources\app\bin;C:\Program Files\Maven\apache-maven-3.6.3\bin;C:\Program Files\PostgreSQL\14\bin;C:\Program Files\dotnet\;C:\Program Files\php;C:\Users\NEXSOFT\AppData\Local\Programs\Python\Python312-32\Scripts\;C:\Users\NEXSOFT\AppData\Local\Programs\Python\Python312-32\;C:\Users\NEXSOFT\AppData\Local\Programs\Python\Launcher\;C:\Users\NEXSOFT\AppData\Local\Microsoft\WindowsApps;C:\Users\NEXSOFT\AppData\Local\Programs\Microsoft VS Code\bin;C:\Users\NEXSOFT\AppData\Roaming\Composer\vendor\bin;C:\Users\NEXSOFT\AppData\Roaming\npm;C:\Users\NEXSOFT\go\bin;C:\Users\NEXSOFT\AppData\Local\GitHubDesktop\bin;C:\Users\NEXSOFT\AppData\Local\Programs\Windsurf\bin;C:\Program Files\php;;."/>
    <property name="java.vm.info" value="mixed mode, sharing"/>
    <property name="java.vendor" value="Oracle Corporation"/>
    <property name="java.vm.version" value="17.0.12+8-LTS-286"/>
    <property name="sun.io.unicode.encoding" value="UnicodeLittle"/>
    <property name="java.class.version" value="61.0"/>
  </properties>
  <testcase name="testCreateUser" classname="demo.ReqresTest" time="1.81">
    <system-err><![CDATA[SLF4J: Failed to load class "org.slf4j.impl.StaticLoggerBinder".
SLF4J: Defaulting to no-operation (NOP) logger implementation
SLF4J: See http://www.slf4j.org/codes.html#StaticLoggerBinder for further details.
]]></system-err>
  </testcase>
  <testcase name="testCreateUserWithEmptyBody" classname="demo.ReqresTest" time="0.358"/>
  <testcase name="testDeleteUser" classname="demo.ReqresTest" time="0.573"/>
  <testcase name="testDeleteUserNotFound" classname="demo.ReqresTest" time="0.509"/>
  <testcase name="testGetUserNotFound" classname="demo.ReqresTest" time="0.138"/>
  <testcase name="testGetUsers" classname="demo.ReqresTest" time="0.162"/>
</testsuite>